This is pdfTeX, Version 3.14159265-2.6-1.40.15 (TeX Live 2014) (preloaded format=pdflatex 2015.1.30)  8 APR 2015 13:58
entering extended mode
 restricted \write18 enabled.
 %&-line parsing enabled.
**conference_poster_5.tex
(./conference_poster_5.tex
LaTeX2e <2014/05/01>
Babel <3.9k> and hyphenation patterns for 78 languages loaded.
(./a0poster.cls
Document Class: a0poster 1997/05/07 v1.21b a0poster class (GK, MW)
(/usr/local/texlive/2014/texmf-dist/tex/latex/base/article.cls
Document Class: article 2007/10/19 v1.4h Standard LaTeX document class
(/usr/local/texlive/2014/texmf-dist/tex/latex/base/size10.clo
File: size10.clo 2007/10/19 v1.4h Standard LaTeX file (size option)
)
\c@part=\count79
\c@section=\count80
\c@subsection=\count81
\c@subsubsection=\count82
\c@paragraph=\count83
\c@subparagraph=\count84
\c@figure=\count85
\c@table=\count86
\abovecaptionskip=\skip41
\belowcaptionskip=\skip42
\bibindent=\dimen102
)
\xkoord=\count87
\ykoord=\count88
\xscale=\count89
\yscale=\count90
 (./a0size.sty
File: a0size.sty 1997/05/06 v1.21b a0poster class (GK, MW)
LaTeX Font Info:    Redeclaring symbol font `largesymbols' on input line 218.
LaTeX Font Info:    Overwriting symbol font `largesymbols' in version `normal'
(Font)                  OMX/cmex/m/n --> OMX/cmex/m/n on input line 218.
LaTeX Font Info:    Overwriting symbol font `largesymbols' in version `bold'
(Font)                  OMX/cmex/m/n --> OMX/cmex/m/n on input line 218.
\big@size=\dimen103
)) (/usr/local/texlive/2014/texmf-dist/tex/latex/tools/multicol.sty
Package: multicol 2014/04/23 v1.8e multicolumn formatting (FMi)
\c@tracingmulticols=\count91
\mult@box=\box26
\multicol@leftmargin=\dimen104
\c@unbalance=\count92
\c@collectmore=\count93
\doublecol@number=\count94
\multicoltolerance=\count95
\multicolpretolerance=\count96
\full@width=\dimen105
\page@free=\dimen106
\premulticols=\dimen107
\postmulticols=\dimen108
\multicolsep=\skip43
\multicolbaselineskip=\skip44
\partial@page=\box27
\last@line=\box28
\maxbalancingoverflow=\dimen109
\mult@rightbox=\box29
\mult@grightbox=\box30
\mult@gfirstbox=\box31
\mult@firstbox=\box32
\@tempa=\box33
\@tempa=\box34
\@tempa=\box35
\@tempa=\box36
\@tempa=\box37
\@tempa=\box38
\@tempa=\box39
\@tempa=\box40
\@tempa=\box41
\@tempa=\box42
\@tempa=\box43
\@tempa=\box44
\@tempa=\box45
\@tempa=\box46
\@tempa=\box47
\@tempa=\box48
\@tempa=\box49
\c@columnbadness=\count97
\c@finalcolumnbadness=\count98
\last@try=\dimen110
\multicolovershoot=\dimen111
\multicolundershoot=\dimen112
\mult@nat@firstbox=\box50
\colbreak@box=\box51
\mc@col@check@num=\count99
)
(/usr/local/texlive/2014/texmf-dist/tex/latex/xcolor/xcolor.sty
Package: xcolor 2007/01/21 v2.11 LaTeX color extensions (UK)

(/usr/local/texlive/2014/texmf-dist/tex/latex/latexconfig/color.cfg
File: color.cfg 2007/01/18 v1.5 color configuration of teTeX/TeXLive
)
Package xcolor Info: Driver file: pdftex.def on input line 225.

(/usr/local/texlive/2014/texmf-dist/tex/latex/pdftex-def/pdftex.def
File: pdftex.def 2011/05/27 v0.06d Graphics/color for pdfTeX

(/usr/local/texlive/2014/texmf-dist/tex/generic/oberdiek/infwarerr.sty
Package: infwarerr 2010/04/08 v1.3 Providing info/warning/error messages (HO)
)
(/usr/local/texlive/2014/texmf-dist/tex/generic/oberdiek/ltxcmds.sty
Package: ltxcmds 2011/11/09 v1.22 LaTeX kernel commands for general use (HO)
)
\Gread@gobject=\count100
)
Package xcolor Info: Model `cmy' substituted by `cmy0' on input line 1337.
Package xcolor Info: Model `hsb' substituted by `rgb' on input line 1341.
Package xcolor Info: Model `RGB' extended on input line 1353.
Package xcolor Info: Model `HTML' substituted by `rgb' on input line 1355.
Package xcolor Info: Model `Hsb' substituted by `hsb' on input line 1356.
Package xcolor Info: Model `tHsb' substituted by `hsb' on input line 1357.
Package xcolor Info: Model `HSB' substituted by `hsb' on input line 1358.
Package xcolor Info: Model `Gray' substituted by `gray' on input line 1359.
Package xcolor Info: Model `wave' substituted by `hsb' on input line 1360.

(/usr/local/texlive/2014/texmf-dist/tex/latex/xcolor/svgnam.def
File: svgnam.def 2007/01/21 v2.11 Predefined colors according to SVG 1.1 (UK)
))
(/usr/local/texlive/2014/texmf-dist/tex/latex/pgf/utilities/pgfpages.sty
Package: pgfpages 2011/01/05 ver 0.02

(/usr/local/texlive/2014/texmf-dist/tex/latex/pgf/basiclayer/pgfcore.sty
(/usr/local/texlive/2014/texmf-dist/tex/latex/graphics/graphicx.sty
Package: graphicx 2014/04/25 v1.0g Enhanced LaTeX Graphics (DPC,SPQR)

(/usr/local/texlive/2014/texmf-dist/tex/latex/graphics/keyval.sty
Package: keyval 2014/05/08 v1.15 key=value parser (DPC)
\KV@toks@=\toks14
)
(/usr/local/texlive/2014/texmf-dist/tex/latex/graphics/graphics.sty
Package: graphics 2009/02/05 v1.0o Standard LaTeX Graphics (DPC,SPQR)

(/usr/local/texlive/2014/texmf-dist/tex/latex/graphics/trig.sty
Package: trig 1999/03/16 v1.09 sin cos tan (DPC)
)
(/usr/local/texlive/2014/texmf-dist/tex/latex/latexconfig/graphics.cfg
File: graphics.cfg 2010/04/23 v1.9 graphics configuration of TeX Live
)
Package graphics Info: Driver file: pdftex.def on input line 91.
)
\Gin@req@height=\dimen113
\Gin@req@width=\dimen114
)
(/usr/local/texlive/2014/texmf-dist/tex/latex/pgf/systemlayer/pgfsys.sty
(/usr/local/texlive/2014/texmf-dist/tex/latex/pgf/utilities/pgfrcs.sty
(/usr/local/texlive/2014/texmf-dist/tex/generic/pgf/utilities/pgfutil-common.te
x
\pgfutil@everybye=\toks15
\pgfutil@tempdima=\dimen115
\pgfutil@tempdimb=\dimen116

(/usr/local/texlive/2014/texmf-dist/tex/generic/pgf/utilities/pgfutil-common-li
sts.tex))
(/usr/local/texlive/2014/texmf-dist/tex/generic/pgf/utilities/pgfutil-latex.def
\pgfutil@abb=\box52
(/usr/local/texlive/2014/texmf-dist/tex/latex/ms/everyshi.sty
Package: everyshi 2001/05/15 v3.00 EveryShipout Package (MS)
))
(/usr/local/texlive/2014/texmf-dist/tex/generic/pgf/utilities/pgfrcs.code.tex
Package: pgfrcs 2013/12/20 v3.0.0 (rcs-revision 1.28)
))
(/usr/local/texlive/2014/texmf-dist/tex/generic/pgf/systemlayer/pgfsys.code.tex
Package: pgfsys 2013/11/30 v3.0.0 (rcs-revision 1.47)
(/usr/local/texlive/2014/texmf-dist/tex/generic/pgf/utilities/pgfkeys.code.tex
\pgfkeys@pathtoks=\toks16
\pgfkeys@temptoks=\toks17

(/usr/local/texlive/2014/texmf-dist/tex/generic/pgf/utilities/pgfkeysfiltered.c
ode.tex
\pgfkeys@tmptoks=\toks18
))
\pgf@x=\dimen117
\pgf@y=\dimen118
\pgf@xa=\dimen119
\pgf@ya=\dimen120
\pgf@xb=\dimen121
\pgf@yb=\dimen122
\pgf@xc=\dimen123
\pgf@yc=\dimen124
\w@pgf@writea=\write3
\r@pgf@reada=\read1
\c@pgf@counta=\count101
\c@pgf@countb=\count102
\c@pgf@countc=\count103
\c@pgf@countd=\count104
\t@pgf@toka=\toks19
\t@pgf@tokb=\toks20
\t@pgf@tokc=\toks21

(/usr/local/texlive/2014/texmf-dist/tex/generic/pgf/systemlayer/pgf.cfg
File: pgf.cfg 2008/05/14  (rcs-revision 1.7)
)
Driver file for pgf: pgfsys-pdftex.def

(/usr/local/texlive/2014/texmf-dist/tex/generic/pgf/systemlayer/pgfsys-pdftex.d
ef
File: pgfsys-pdftex.def 2013/07/18  (rcs-revision 1.33)

(/usr/local/texlive/2014/texmf-dist/tex/generic/pgf/systemlayer/pgfsys-common-p
df.def
File: pgfsys-common-pdf.def 2013/10/10  (rcs-revision 1.13)
)))
(/usr/local/texlive/2014/texmf-dist/tex/generic/pgf/systemlayer/pgfsyssoftpath.
code.tex
File: pgfsyssoftpath.code.tex 2013/09/09  (rcs-revision 1.9)
\pgfsyssoftpath@smallbuffer@items=\count105
\pgfsyssoftpath@bigbuffer@items=\count106
)
(/usr/local/texlive/2014/texmf-dist/tex/generic/pgf/systemlayer/pgfsysprotocol.
code.tex
File: pgfsysprotocol.code.tex 2006/10/16  (rcs-revision 1.4)
))
(/usr/local/texlive/2014/texmf-dist/tex/generic/pgf/basiclayer/pgfcore.code.tex
Package: pgfcore 2010/04/11 v3.0.0 (rcs-revision 1.7)
(/usr/local/texlive/2014/texmf-dist/tex/generic/pgf/math/pgfmath.code.tex
(/usr/local/texlive/2014/texmf-dist/tex/generic/pgf/math/pgfmathcalc.code.tex
(/usr/local/texlive/2014/texmf-dist/tex/generic/pgf/math/pgfmathutil.code.tex)
(/usr/local/texlive/2014/texmf-dist/tex/generic/pgf/math/pgfmathparser.code.tex
\pgfmath@dimen=\dimen125
\pgfmath@count=\count107
\pgfmath@box=\box53
\pgfmath@toks=\toks22
\pgfmath@stack@operand=\toks23
\pgfmath@stack@operation=\toks24
)
(/usr/local/texlive/2014/texmf-dist/tex/generic/pgf/math/pgfmathfunctions.code.
tex
(/usr/local/texlive/2014/texmf-dist/tex/generic/pgf/math/pgfmathfunctions.basic
.code.tex)
(/usr/local/texlive/2014/texmf-dist/tex/generic/pgf/math/pgfmathfunctions.trigo
nometric.code.tex)
(/usr/local/texlive/2014/texmf-dist/tex/generic/pgf/math/pgfmathfunctions.rando
m.code.tex)
(/usr/local/texlive/2014/texmf-dist/tex/generic/pgf/math/pgfmathfunctions.compa
rison.code.tex)
(/usr/local/texlive/2014/texmf-dist/tex/generic/pgf/math/pgfmathfunctions.base.
code.tex)
(/usr/local/texlive/2014/texmf-dist/tex/generic/pgf/math/pgfmathfunctions.round
.code.tex)
(/usr/local/texlive/2014/texmf-dist/tex/generic/pgf/math/pgfmathfunctions.misc.
code.tex)
(/usr/local/texlive/2014/texmf-dist/tex/generic/pgf/math/pgfmathfunctions.integ
erarithmetics.code.tex)))
(/usr/local/texlive/2014/texmf-dist/tex/generic/pgf/math/pgfmathfloat.code.tex
\c@pgfmathroundto@lastzeros=\count108
))
(/usr/local/texlive/2014/texmf-dist/tex/generic/pgf/basiclayer/pgfcorepoints.co
de.tex
File: pgfcorepoints.code.tex 2013/10/07  (rcs-revision 1.27)
\pgf@picminx=\dimen126
\pgf@picmaxx=\dimen127
\pgf@picminy=\dimen128
\pgf@picmaxy=\dimen129
\pgf@pathminx=\dimen130
\pgf@pathmaxx=\dimen131
\pgf@pathminy=\dimen132
\pgf@pathmaxy=\dimen133
\pgf@xx=\dimen134
\pgf@xy=\dimen135
\pgf@yx=\dimen136
\pgf@yy=\dimen137
\pgf@zx=\dimen138
\pgf@zy=\dimen139
)
(/usr/local/texlive/2014/texmf-dist/tex/generic/pgf/basiclayer/pgfcorepathconst
ruct.code.tex
File: pgfcorepathconstruct.code.tex 2013/10/07  (rcs-revision 1.29)
\pgf@path@lastx=\dimen140
\pgf@path@lasty=\dimen141
)
(/usr/local/texlive/2014/texmf-dist/tex/generic/pgf/basiclayer/pgfcorepathusage
.code.tex
File: pgfcorepathusage.code.tex 2013/12/13  (rcs-revision 1.23)
\pgf@shorten@end@additional=\dimen142
\pgf@shorten@start@additional=\dimen143
)
(/usr/local/texlive/2014/texmf-dist/tex/generic/pgf/basiclayer/pgfcorescopes.co
de.tex
File: pgfcorescopes.code.tex 2013/10/09  (rcs-revision 1.44)
\pgfpic=\box54
\pgf@hbox=\box55
\pgf@layerbox@main=\box56
\pgf@picture@serial@count=\count109
)
(/usr/local/texlive/2014/texmf-dist/tex/generic/pgf/basiclayer/pgfcoregraphicst
ate.code.tex
File: pgfcoregraphicstate.code.tex 2013/09/19  (rcs-revision 1.11)
\pgflinewidth=\dimen144
)
(/usr/local/texlive/2014/texmf-dist/tex/generic/pgf/basiclayer/pgfcoretransform
ations.code.tex
File: pgfcoretransformations.code.tex 2013/10/10  (rcs-revision 1.17)
\pgf@pt@x=\dimen145
\pgf@pt@y=\dimen146
\pgf@pt@temp=\dimen147
)
(/usr/local/texlive/2014/texmf-dist/tex/generic/pgf/basiclayer/pgfcorequick.cod
e.tex
File: pgfcorequick.code.tex 2008/10/09  (rcs-revision 1.3)
)
(/usr/local/texlive/2014/texmf-dist/tex/generic/pgf/basiclayer/pgfcoreobjects.c
ode.tex
File: pgfcoreobjects.code.tex 2006/10/11  (rcs-revision 1.2)
)
(/usr/local/texlive/2014/texmf-dist/tex/generic/pgf/basiclayer/pgfcorepathproce
ssing.code.tex
File: pgfcorepathprocessing.code.tex 2013/09/09  (rcs-revision 1.9)
)
(/usr/local/texlive/2014/texmf-dist/tex/generic/pgf/basiclayer/pgfcorearrows.co
de.tex
File: pgfcorearrows.code.tex 2013/11/07  (rcs-revision 1.40)
\pgfarrowsep=\dimen148
)
(/usr/local/texlive/2014/texmf-dist/tex/generic/pgf/basiclayer/pgfcoreshade.cod
e.tex
File: pgfcoreshade.code.tex 2013/07/15  (rcs-revision 1.15)
\pgf@max=\dimen149
\pgf@sys@shading@range@num=\count110
)
(/usr/local/texlive/2014/texmf-dist/tex/generic/pgf/basiclayer/pgfcoreimage.cod
e.tex
File: pgfcoreimage.code.tex 2013/07/15  (rcs-revision 1.18)

(/usr/local/texlive/2014/texmf-dist/tex/generic/pgf/basiclayer/pgfcoreexternal.
code.tex
File: pgfcoreexternal.code.tex 2013/07/15  (rcs-revision 1.20)
\pgfexternal@startupbox=\box57
))
(/usr/local/texlive/2014/texmf-dist/tex/generic/pgf/basiclayer/pgfcorelayers.co
de.tex
File: pgfcorelayers.code.tex 2013/07/18  (rcs-revision 1.7)
)
(/usr/local/texlive/2014/texmf-dist/tex/generic/pgf/basiclayer/pgfcoretranspare
ncy.code.tex
File: pgfcoretransparency.code.tex 2013/09/30  (rcs-revision 1.5)
)
(/usr/local/texlive/2014/texmf-dist/tex/generic/pgf/basiclayer/pgfcorepatterns.
code.tex
File: pgfcorepatterns.code.tex 2013/11/07  (rcs-revision 1.5)
))) (/usr/local/texlive/2014/texmf-dist/tex/latex/tools/calc.sty
Package: calc 2007/08/22 v4.3 Infix arithmetic (KKT,FJ)
\calc@Acount=\count111
\calc@Bcount=\count112
\calc@Adimen=\dimen150
\calc@Bdimen=\dimen151
\calc@Askip=\skip45
\calc@Bskip=\skip46
LaTeX Info: Redefining \setlength on input line 75.
LaTeX Info: Redefining \addtolength on input line 76.
\calc@Ccount=\count113
\calc@Cskip=\skip47
)
\pgf@logicalpages=\count114
\pgf@firstshipout=\count115
\pgf@lastshipout=\count116
\pgf@currentshipout=\count117
\pgf@cpn=\count118
\pgf@shipoutnextto=\count119
\pgfphysicalheight=\dimen152
\pgfphysicalwidth=\dimen153
\pgfpages@shipoutbox=\box58
)
\pgfpages@box@1=\box59

(/usr/local/texlive/2014/texmf-dist/tex/latex/psnfss/times.sty
Package: times 2005/04/12 PSNFSS-v9.2a (SPQR) 
)
(/usr/local/texlive/2014/texmf-dist/tex/latex/booktabs/booktabs.sty
Package: booktabs 2005/04/14 v1.61803 publication quality tables
\heavyrulewidth=\dimen154
\lightrulewidth=\dimen155
\cmidrulewidth=\dimen156
\belowrulesep=\dimen157
\belowbottomsep=\dimen158
\aboverulesep=\dimen159
\abovetopsep=\dimen160
\cmidrulesep=\dimen161
\cmidrulekern=\dimen162
\defaultaddspace=\dimen163
\@cmidla=\count120
\@cmidlb=\count121
\@aboverulesep=\dimen164
\@belowrulesep=\dimen165
\@thisruleclass=\count122
\@lastruleclass=\count123
\@thisrulewidth=\dimen166
)
(/usr/local/texlive/2014/texmf-dist/tex/latex/caption/caption.sty
Package: caption 2013/05/02 v3.3-89 Customizing captions (AR)

(/usr/local/texlive/2014/texmf-dist/tex/latex/caption/caption3.sty
Package: caption3 2013/05/02 v1.6-88 caption3 kernel (AR)
Package caption3 Info: TeX engine: e-TeX on input line 57.
\captionmargin=\dimen167
\captionmargin@=\dimen168
\captionwidth=\dimen169
\caption@tempdima=\dimen170
\caption@indent=\dimen171
\caption@parindent=\dimen172
\caption@hangindent=\dimen173
)
\c@ContinuedFloat=\count124
)
(/usr/local/texlive/2014/texmf-dist/tex/latex/amsfonts/amsfonts.sty
Package: amsfonts 2013/01/14 v3.01 Basic AMSFonts support
\@emptytoks=\toks25
\symAMSa=\mathgroup4
\symAMSb=\mathgroup5
LaTeX Font Info:    Overwriting math alphabet `\mathfrak' in version `bold'
(Font)                  U/euf/m/n --> U/euf/b/n on input line 106.
)
(/usr/local/texlive/2014/texmf-dist/tex/latex/amsmath/amsmath.sty
Package: amsmath 2013/01/14 v2.14 AMS math features
\@mathmargin=\skip48

For additional information on amsmath, use the `?' option.
(/usr/local/texlive/2014/texmf-dist/tex/latex/amsmath/amstext.sty
Package: amstext 2000/06/29 v2.01

(/usr/local/texlive/2014/texmf-dist/tex/latex/amsmath/amsgen.sty
File: amsgen.sty 1999/11/30 v2.0
\@emptytoks=\toks26
\ex@=\dimen174
))
(/usr/local/texlive/2014/texmf-dist/tex/latex/amsmath/amsbsy.sty
Package: amsbsy 1999/11/29 v1.2d
\pmbraise@=\dimen175
)
(/usr/local/texlive/2014/texmf-dist/tex/latex/amsmath/amsopn.sty
Package: amsopn 1999/12/14 v2.01 operator names
)
\inf@bad=\count125
LaTeX Info: Redefining \frac on input line 210.
\uproot@=\count126
\leftroot@=\count127
LaTeX Info: Redefining \overline on input line 306.
\classnum@=\count128
\DOTSCASE@=\count129
LaTeX Info: Redefining \ldots on input line 378.
LaTeX Info: Redefining \dots on input line 381.
LaTeX Info: Redefining \cdots on input line 466.
\Mathstrutbox@=\box60
\strutbox@=\box61
\big@size=\dimen176
LaTeX Font Info:    Redeclaring font encoding OML on input line 566.
LaTeX Font Info:    Redeclaring font encoding OMS on input line 567.
\macc@depth=\count130
\c@MaxMatrixCols=\count131
\dotsspace@=\muskip10
\c@parentequation=\count132
\dspbrk@lvl=\count133
\tag@help=\toks27
\row@=\count134
\column@=\count135
\maxfields@=\count136
\andhelp@=\toks28
\eqnshift@=\dimen177
\alignsep@=\dimen178
\tagshift@=\dimen179
\tagwidth@=\dimen180
\totwidth@=\dimen181
\lineht@=\dimen182
\@envbody=\toks29
\multlinegap=\skip49
\multlinetaggap=\skip50
\mathdisplay@stack=\toks30
LaTeX Info: Redefining \[ on input line 2665.
LaTeX Info: Redefining \] on input line 2666.
)
(/usr/local/texlive/2014/texmf-dist/tex/latex/amscls/amsthm.sty
Package: amsthm 2004/08/06 v2.20
\thm@style=\toks31
\thm@bodyfont=\toks32
\thm@headfont=\toks33
\thm@notefont=\toks34
\thm@headpunct=\toks35
\thm@preskip=\skip51
\thm@postskip=\skip52
\thm@headsep=\skip53
\dth@everypar=\toks36
)
(/usr/local/texlive/2014/texmf-dist/tex/latex/amsfonts/amssymb.sty
Package: amssymb 2013/01/14 v3.01 AMS font symbols
)
(/usr/local/texlive/2014/texmf-dist/tex/latex/wrapfig/wrapfig.sty
\wrapoverhang=\dimen183
\WF@size=\dimen184
\c@WF@wrappedlines=\count137
\WF@box=\box62
\WF@everypar=\toks37
Package: wrapfig 2003/01/31  v 3.6
)
(./conference_poster_5.aux)
\openout1 = `conference_poster_5.aux'.

LaTeX Font Info:    Checking defaults for OML/cmm/m/it on input line 61.
LaTeX Font Info:    ... okay on input line 61.
LaTeX Font Info:    Checking defaults for T1/cmr/m/n on input line 61.
LaTeX Font Info:    ... okay on input line 61.
LaTeX Font Info:    Checking defaults for OT1/cmr/m/n on input line 61.
LaTeX Font Info:    ... okay on input line 61.
LaTeX Font Info:    Checking defaults for OMS/cmsy/m/n on input line 61.
LaTeX Font Info:    ... okay on input line 61.
LaTeX Font Info:    Checking defaults for OMX/cmex/m/n on input line 61.
LaTeX Font Info:    ... okay on input line 61.
LaTeX Font Info:    Checking defaults for U/cmr/m/n on input line 61.
LaTeX Font Info:    ... okay on input line 61.
LaTeX Font Info:    Try loading font information for OT1+ptm on input line 61.

(/usr/local/texlive/2014/texmf-dist/tex/latex/psnfss/ot1ptm.fd
File: ot1ptm.fd 2001/06/04 font definitions for OT1/ptm.
)
(/usr/local/texlive/2014/texmf-dist/tex/context/base/supp-pdf.mkii
[Loading MPS to PDF converter (version 2006.09.02).]
\scratchcounter=\count138
\scratchdimen=\dimen185
\scratchbox=\box63
\nofMPsegments=\count139
\nofMParguments=\count140
\everyMPshowfont=\toks38
\MPscratchCnt=\count141
\MPscratchDim=\dimen186
\MPnumerator=\count142
\makeMPintoPDFobject=\count143
\everyMPtoPDFconversion=\toks39
) (/usr/local/texlive/2014/texmf-dist/tex/generic/oberdiek/pdftexcmds.sty
Package: pdftexcmds 2011/11/29 v0.20 Utility functions of pdfTeX for LuaTeX (HO
)

(/usr/local/texlive/2014/texmf-dist/tex/generic/oberdiek/ifluatex.sty
Package: ifluatex 2010/03/01 v1.3 Provides the ifluatex switch (HO)
Package ifluatex Info: LuaTeX not detected.
)
(/usr/local/texlive/2014/texmf-dist/tex/generic/oberdiek/ifpdf.sty
Package: ifpdf 2011/01/30 v2.3 Provides the ifpdf switch (HO)
Package ifpdf Info: pdfTeX in PDF mode is detected.
)
Package pdftexcmds Info: LuaTeX not detected.
Package pdftexcmds Info: \pdf@primitive is available.
Package pdftexcmds Info: \pdf@ifprimitive is available.
Package pdftexcmds Info: \pdfdraftmode found.
)
(/usr/local/texlive/2014/texmf-dist/tex/latex/oberdiek/epstopdf-base.sty
Package: epstopdf-base 2010/02/09 v2.5 Base part for package epstopdf

(/usr/local/texlive/2014/texmf-dist/tex/latex/oberdiek/grfext.sty
Package: grfext 2010/08/19 v1.1 Manage graphics extensions (HO)

(/usr/local/texlive/2014/texmf-dist/tex/generic/oberdiek/kvdefinekeys.sty
Package: kvdefinekeys 2011/04/07 v1.3 Define keys (HO)
))
(/usr/local/texlive/2014/texmf-dist/tex/latex/oberdiek/kvoptions.sty
Package: kvoptions 2011/06/30 v3.11 Key value format for package options (HO)

(/usr/local/texlive/2014/texmf-dist/tex/generic/oberdiek/kvsetkeys.sty
Package: kvsetkeys 2012/04/25 v1.16 Key value parser (HO)

(/usr/local/texlive/2014/texmf-dist/tex/generic/oberdiek/etexcmds.sty
Package: etexcmds 2011/02/16 v1.5 Avoid name clashes with e-TeX commands (HO)
Package etexcmds Info: Could not find \expanded.
(etexcmds)             That can mean that you are not using pdfTeX 1.50 or
(etexcmds)             that some package has redefined \expanded.
(etexcmds)             In the latter case, load this package earlier.
)))
Package grfext Info: Graphics extension search list:
(grfext)             [.png,.pdf,.jpg,.mps,.jpeg,.jbig2,.jb2,.PNG,.PDF,.JPG,.JPE
G,.JBIG2,.JB2,.eps]
(grfext)             \AppendGraphicsExtensions on input line 452.

(/usr/local/texlive/2014/texmf-dist/tex/latex/latexconfig/epstopdf-sys.cfg
File: epstopdf-sys.cfg 2010/07/13 v1.3 Configuration of (r)epstopdf for TeX Liv
e
))
ABD: EveryShipout initializing macros
Package caption Info: Begin \AtBeginDocument code.
Package caption Info: wrapfig package is loaded.
Package caption Info: End \AtBeginDocument code.
LaTeX Font Info:    Font shape `OT1/ptm/bx/n' in size <74.3> not available
(Font)              Font shape `OT1/ptm/b/n' tried instead on input line 74.
LaTeX Font Info:    Font shape `OT1/ptm/bx/n' in size <51.6> not available
(Font)              Font shape `OT1/ptm/b/n' tried instead on input line 76.

Underfull \hbox (badness 10000) in paragraph at lines 74--78

 []

LaTeX Font Info:    Font shape `OT1/ptm/bx/n' in size <35.83> not available
(Font)              Font shape `OT1/ptm/b/n' tried instead on input line 81.
LaTeX Font Info:    Try loading font information for OT1+pcr on input line 88.
(/usr/local/texlive/2014/texmf-dist/tex/latex/psnfss/ot1pcr.fd
File: ot1pcr.fd 2001/06/04 font definitions for OT1/pcr.
)
Underfull \hbox (badness 10000) in paragraph at lines 81--89

 []

<figures/logo.png, id=4, 383.4325pt x 468.75125pt>
File: figures/logo.png Graphic file (type png)
 <use figures/logo.png>
Package pdftex.def Info: figures/logo.png used on input line 92.
(pdftex.def)             Requested size: 341.43306pt x 417.43048pt.

Overfull \vbox (290.73172pt too high) has occurred while \output is active []


Overfull \vbox (288.44064pt too high) has occurred while \output is active []


Overfull \vbox (289.73172pt too high) has occurred while \output is active []


Overfull \vbox (289.73172pt too high) has occurred while \output is active []


Overfull \vbox (288.73172pt too high) has occurred while \output is active []


Overfull \vbox (288.73172pt too high) has occurred while \output is active []


Overfull \vbox (287.73172pt too high) has occurred while \output is active []


Overfull \vbox (287.73172pt too high) has occurred while \output is active []


Overfull \vbox (286.73172pt too high) has occurred while \output is active []


Overfull \vbox (286.73172pt too high) has occurred while \output is active []


Overfull \vbox (285.73172pt too high) has occurred while \output is active []


Overfull \vbox (285.73172pt too high) has occurred while \output is active []


Overfull \vbox (284.73172pt too high) has occurred while \output is active []


Overfull \vbox (284.73172pt too high) has occurred while \output is active []


Overfull \vbox (283.73172pt too high) has occurred while \output is active []


Overfull \vbox (283.73172pt too high) has occurred while \output is active []


Overfull \vbox (282.73172pt too high) has occurred while \output is active []


Overfull \vbox (282.73172pt too high) has occurred while \output is active []


Overfull \vbox (281.73172pt too high) has occurred while \output is active []


Overfull \vbox (281.73172pt too high) has occurred while \output is active []


Overfull \vbox (280.73172pt too high) has occurred while \output is active []


Overfull \vbox (280.73172pt too high) has occurred while \output is active []


Overfull \vbox (279.73172pt too high) has occurred while \output is active []


Overfull \vbox (279.73172pt too high) has occurred while \output is active []


Overfull \vbox (278.73172pt too high) has occurred while \output is active []


Overfull \vbox (278.73172pt too high) has occurred while \output is active []


Overfull \vbox (277.73172pt too high) has occurred while \output is active []


Overfull \vbox (277.73172pt too high) has occurred while \output is active []


Overfull \vbox (276.73172pt too high) has occurred while \output is active []


Overfull \vbox (276.73172pt too high) has occurred while \output is active []


Overfull \vbox (275.73172pt too high) has occurred while \output is active []


Overfull \vbox (275.73172pt too high) has occurred while \output is active []


Overfull \vbox (274.73172pt too high) has occurred while \output is active []


Overfull \vbox (274.73172pt too high) has occurred while \output is active []


Overfull \vbox (273.73172pt too high) has occurred while \output is active []


Overfull \vbox (273.73172pt too high) has occurred while \output is active []


Overfull \vbox (272.73172pt too high) has occurred while \output is active []


Overfull \vbox (272.73172pt too high) has occurred while \output is active []


Overfull \vbox (271.73172pt too high) has occurred while \output is active []


Overfull \vbox (271.73172pt too high) has occurred while \output is active []


Overfull \vbox (270.73172pt too high) has occurred while \output is active []


Overfull \vbox (270.73172pt too high) has occurred while \output is active []


Overfull \vbox (269.73172pt too high) has occurred while \output is active []


Overfull \vbox (269.73172pt too high) has occurred while \output is active []


Overfull \vbox (268.73172pt too high) has occurred while \output is active []


Overfull \vbox (268.73172pt too high) has occurred while \output is active []


Overfull \vbox (267.73172pt too high) has occurred while \output is active []


Overfull \vbox (267.73172pt too high) has occurred while \output is active []


Overfull \vbox (266.73172pt too high) has occurred while \output is active []


Overfull \vbox (266.73172pt too high) has occurred while \output is active []


Overfull \vbox (265.73172pt too high) has occurred while \output is active []


Overfull \vbox (265.73172pt too high) has occurred while \output is active []


Overfull \vbox (264.73172pt too high) has occurred while \output is active []


Overfull \vbox (264.73172pt too high) has occurred while \output is active []


Overfull \vbox (263.73172pt too high) has occurred while \output is active []


Overfull \vbox (263.73172pt too high) has occurred while \output is active []


Overfull \vbox (262.73172pt too high) has occurred while \output is active []


Overfull \vbox (262.73172pt too high) has occurred while \output is active []


Overfull \vbox (261.73172pt too high) has occurred while \output is active []


Overfull \vbox (261.73172pt too high) has occurred while \output is active []


Overfull \vbox (260.73172pt too high) has occurred while \output is active []


Overfull \vbox (260.73172pt too high) has occurred while \output is active []


Overfull \vbox (259.73172pt too high) has occurred while \output is active []


Overfull \vbox (259.73172pt too high) has occurred while \output is active []


Overfull \vbox (258.73172pt too high) has occurred while \output is active []


Overfull \vbox (258.73172pt too high) has occurred while \output is active []


Overfull \vbox (257.73172pt too high) has occurred while \output is active []


Overfull \vbox (257.73172pt too high) has occurred while \output is active []


Overfull \vbox (256.73172pt too high) has occurred while \output is active []


Overfull \vbox (256.73172pt too high) has occurred while \output is active []


Overfull \vbox (255.73172pt too high) has occurred while \output is active []


Overfull \vbox (255.73172pt too high) has occurred while \output is active []


Overfull \vbox (254.73172pt too high) has occurred while \output is active []


Overfull \vbox (254.73172pt too high) has occurred while \output is active []


Overfull \vbox (253.73172pt too high) has occurred while \output is active []


Overfull \vbox (253.73172pt too high) has occurred while \output is active []


Overfull \vbox (252.73172pt too high) has occurred while \output is active []


Overfull \vbox (252.73172pt too high) has occurred while \output is active []


Overfull \vbox (251.73172pt too high) has occurred while \output is active []


Overfull \vbox (251.73172pt too high) has occurred while \output is active []


Overfull \vbox (250.73172pt too high) has occurred while \output is active []


Overfull \vbox (250.73172pt too high) has occurred while \output is active []


Overfull \vbox (249.73172pt too high) has occurred while \output is active []


Overfull \vbox (249.73172pt too high) has occurred while \output is active []


Overfull \vbox (248.73172pt too high) has occurred while \output is active []


Overfull \vbox (248.73172pt too high) has occurred while \output is active []


Overfull \vbox (247.73172pt too high) has occurred while \output is active []


Overfull \vbox (247.73172pt too high) has occurred while \output is active []


Overfull \vbox (246.73172pt too high) has occurred while \output is active []


Overfull \vbox (246.73172pt too high) has occurred while \output is active []


Overfull \vbox (245.73172pt too high) has occurred while \output is active []


Overfull \vbox (245.73172pt too high) has occurred while \output is active []


Overfull \vbox (244.73172pt too high) has occurred while \output is active []


Overfull \vbox (244.73172pt too high) has occurred while \output is active []


Overfull \vbox (243.73172pt too high) has occurred while \output is active []


Overfull \vbox (243.73172pt too high) has occurred while \output is active []


Overfull \vbox (242.73172pt too high) has occurred while \output is active []


Overfull \vbox (242.73172pt too high) has occurred while \output is active []


Overfull \vbox (241.73172pt too high) has occurred while \output is active []


Overfull \vbox (241.73172pt too high) has occurred while \output is active []


Overfull \vbox (240.73172pt too high) has occurred while \output is active []


Overfull \vbox (240.73172pt too high) has occurred while \output is active []


Overfull \vbox (239.73172pt too high) has occurred while \output is active []


Overfull \vbox (239.73172pt too high) has occurred while \output is active []


Overfull \vbox (238.73172pt too high) has occurred while \output is active []


Overfull \vbox (238.73172pt too high) has occurred while \output is active []


Overfull \vbox (237.73172pt too high) has occurred while \output is active []


Overfull \vbox (237.73172pt too high) has occurred while \output is active []


Overfull \vbox (236.73172pt too high) has occurred while \output is active []


Overfull \vbox (236.73172pt too high) has occurred while \output is active []


Overfull \vbox (235.73172pt too high) has occurred while \output is active []


Overfull \vbox (235.73172pt too high) has occurred while \output is active []


Overfull \vbox (234.73172pt too high) has occurred while \output is active []


Overfull \vbox (234.73172pt too high) has occurred while \output is active []


Overfull \vbox (233.73172pt too high) has occurred while \output is active []


Overfull \vbox (233.73172pt too high) has occurred while \output is active []


Overfull \vbox (232.73172pt too high) has occurred while \output is active []


Overfull \vbox (232.73172pt too high) has occurred while \output is active []


Overfull \vbox (231.73172pt too high) has occurred while \output is active []


Overfull \vbox (231.73172pt too high) has occurred while \output is active []


Overfull \vbox (230.73172pt too high) has occurred while \output is active []


Overfull \vbox (230.73172pt too high) has occurred while \output is active []


Overfull \vbox (229.73172pt too high) has occurred while \output is active []


Overfull \vbox (229.73172pt too high) has occurred while \output is active []


Overfull \vbox (228.73172pt too high) has occurred while \output is active []


Overfull \vbox (228.73172pt too high) has occurred while \output is active []


Overfull \vbox (227.73172pt too high) has occurred while \output is active []


Overfull \vbox (227.73172pt too high) has occurred while \output is active []


Overfull \vbox (226.73172pt too high) has occurred while \output is active []


Overfull \vbox (226.73172pt too high) has occurred while \output is active []


Overfull \vbox (225.73172pt too high) has occurred while \output is active []


Overfull \vbox (225.73172pt too high) has occurred while \output is active []


Overfull \vbox (224.73172pt too high) has occurred while \output is active []


Overfull \vbox (224.73172pt too high) has occurred while \output is active []


Overfull \vbox (223.73172pt too high) has occurred while \output is active []


Overfull \vbox (223.73172pt too high) has occurred while \output is active []


Overfull \vbox (222.73172pt too high) has occurred while \output is active []


Overfull \vbox (222.73172pt too high) has occurred while \output is active []


Overfull \vbox (221.73172pt too high) has occurred while \output is active []


Overfull \vbox (221.73172pt too high) has occurred while \output is active []


Overfull \vbox (220.73172pt too high) has occurred while \output is active []


Overfull \vbox (220.73172pt too high) has occurred while \output is active []


Overfull \vbox (219.73172pt too high) has occurred while \output is active []


Overfull \vbox (219.73172pt too high) has occurred while \output is active []


Overfull \vbox (218.73172pt too high) has occurred while \output is active []


Overfull \vbox (218.73172pt too high) has occurred while \output is active []


Overfull \vbox (217.73172pt too high) has occurred while \output is active []


Overfull \vbox (217.73172pt too high) has occurred while \output is active []


Overfull \vbox (216.73172pt too high) has occurred while \output is active []


Overfull \vbox (216.73172pt too high) has occurred while \output is active []


Overfull \vbox (215.73172pt too high) has occurred while \output is active []


Overfull \vbox (215.73172pt too high) has occurred while \output is active []


Overfull \vbox (214.73172pt too high) has occurred while \output is active []


Overfull \vbox (214.73172pt too high) has occurred while \output is active []


Overfull \vbox (213.73172pt too high) has occurred while \output is active []


Overfull \vbox (213.73172pt too high) has occurred while \output is active []


Overfull \vbox (212.73172pt too high) has occurred while \output is active []


Overfull \vbox (212.73172pt too high) has occurred while \output is active []


Overfull \vbox (211.73172pt too high) has occurred while \output is active []


Overfull \vbox (211.73172pt too high) has occurred while \output is active []


Overfull \vbox (210.73172pt too high) has occurred while \output is active []


Overfull \vbox (210.73172pt too high) has occurred while \output is active []


Overfull \vbox (209.73172pt too high) has occurred while \output is active []


Overfull \vbox (209.73172pt too high) has occurred while \output is active []


Overfull \vbox (208.73172pt too high) has occurred while \output is active []


Overfull \vbox (208.73172pt too high) has occurred while \output is active []


Overfull \vbox (207.73172pt too high) has occurred while \output is active []


Overfull \vbox (207.73172pt too high) has occurred while \output is active []


Overfull \vbox (206.73172pt too high) has occurred while \output is active []


Overfull \vbox (206.73172pt too high) has occurred while \output is active []


Overfull \vbox (205.73172pt too high) has occurred while \output is active []


Overfull \vbox (205.73172pt too high) has occurred while \output is active []


Overfull \vbox (204.73172pt too high) has occurred while \output is active []


Overfull \vbox (204.73172pt too high) has occurred while \output is active []


Overfull \vbox (203.73172pt too high) has occurred while \output is active []


Overfull \vbox (203.73172pt too high) has occurred while \output is active []


Overfull \vbox (202.73172pt too high) has occurred while \output is active []


Overfull \vbox (202.73172pt too high) has occurred while \output is active []


Overfull \vbox (201.73172pt too high) has occurred while \output is active []


Overfull \vbox (201.73172pt too high) has occurred while \output is active []


Overfull \vbox (200.73172pt too high) has occurred while \output is active []


Overfull \vbox (200.73172pt too high) has occurred while \output is active []


Overfull \vbox (199.73172pt too high) has occurred while \output is active []


Overfull \vbox (199.73172pt too high) has occurred while \output is active []


Overfull \vbox (198.73172pt too high) has occurred while \output is active []


Overfull \vbox (198.73172pt too high) has occurred while \output is active []


Overfull \vbox (197.73172pt too high) has occurred while \output is active []


Overfull \vbox (197.73172pt too high) has occurred while \output is active []


Overfull \vbox (196.73172pt too high) has occurred while \output is active []


Overfull \vbox (196.73172pt too high) has occurred while \output is active []


Overfull \vbox (195.73172pt too high) has occurred while \output is active []


Overfull \vbox (195.73172pt too high) has occurred while \output is active []


Overfull \vbox (194.73172pt too high) has occurred while \output is active []


Overfull \vbox (194.73172pt too high) has occurred while \output is active []


Overfull \vbox (193.73172pt too high) has occurred while \output is active []


Overfull \vbox (193.73172pt too high) has occurred while \output is active []


Overfull \vbox (192.73172pt too high) has occurred while \output is active []


Overfull \vbox (192.73172pt too high) has occurred while \output is active []


Overfull \vbox (191.73172pt too high) has occurred while \output is active []


Overfull \vbox (191.73172pt too high) has occurred while \output is active []


Overfull \vbox (190.73172pt too high) has occurred while \output is active []


Overfull \vbox (190.73172pt too high) has occurred while \output is active []


Overfull \vbox (189.73172pt too high) has occurred while \output is active []


Overfull \vbox (189.73172pt too high) has occurred while \output is active []


Overfull \vbox (188.73172pt too high) has occurred while \output is active []


Overfull \vbox (188.73172pt too high) has occurred while \output is active []


Overfull \vbox (187.73172pt too high) has occurred while \output is active []


Overfull \vbox (187.73172pt too high) has occurred while \output is active []


Overfull \vbox (186.73172pt too high) has occurred while \output is active []


Overfull \vbox (186.73172pt too high) has occurred while \output is active []


Overfull \vbox (185.73172pt too high) has occurred while \output is active []


Overfull \vbox (185.73172pt too high) has occurred while \output is active []


Overfull \vbox (184.73172pt too high) has occurred while \output is active []


Overfull \vbox (184.73172pt too high) has occurred while \output is active []


Overfull \vbox (183.73172pt too high) has occurred while \output is active []


Overfull \vbox (183.73172pt too high) has occurred while \output is active []


Overfull \vbox (182.73172pt too high) has occurred while \output is active []


Overfull \vbox (182.73172pt too high) has occurred while \output is active []


Overfull \vbox (181.73172pt too high) has occurred while \output is active []


Overfull \vbox (181.73172pt too high) has occurred while \output is active []


Overfull \vbox (180.73172pt too high) has occurred while \output is active []


Overfull \vbox (180.73172pt too high) has occurred while \output is active []


Overfull \vbox (179.73172pt too high) has occurred while \output is active []


Overfull \vbox (179.73172pt too high) has occurred while \output is active []


Overfull \vbox (178.73172pt too high) has occurred while \output is active []


Overfull \vbox (178.73172pt too high) has occurred while \output is active []


Overfull \vbox (177.73172pt too high) has occurred while \output is active []


Overfull \vbox (177.73172pt too high) has occurred while \output is active []


Overfull \vbox (176.73172pt too high) has occurred while \output is active []


Overfull \vbox (176.73172pt too high) has occurred while \output is active []


Overfull \vbox (175.73172pt too high) has occurred while \output is active []


Overfull \vbox (175.73172pt too high) has occurred while \output is active []


Overfull \vbox (174.73172pt too high) has occurred while \output is active []


Overfull \vbox (174.73172pt too high) has occurred while \output is active []


Overfull \vbox (173.73172pt too high) has occurred while \output is active []


Overfull \vbox (173.73172pt too high) has occurred while \output is active []


Overfull \vbox (172.73172pt too high) has occurred while \output is active []


Overfull \vbox (172.73172pt too high) has occurred while \output is active []


Overfull \vbox (171.73172pt too high) has occurred while \output is active []


Overfull \vbox (171.73172pt too high) has occurred while \output is active []


Overfull \vbox (170.73172pt too high) has occurred while \output is active []


Overfull \vbox (170.73172pt too high) has occurred while \output is active []


Overfull \vbox (169.73172pt too high) has occurred while \output is active []


Overfull \vbox (169.73172pt too high) has occurred while \output is active []


Overfull \vbox (168.73172pt too high) has occurred while \output is active []


Overfull \vbox (168.73172pt too high) has occurred while \output is active []


Overfull \vbox (167.73172pt too high) has occurred while \output is active []


Overfull \vbox (167.73172pt too high) has occurred while \output is active []


Overfull \vbox (166.73172pt too high) has occurred while \output is active []


Overfull \vbox (166.73172pt too high) has occurred while \output is active []


Overfull \vbox (165.73172pt too high) has occurred while \output is active []


Overfull \vbox (165.73172pt too high) has occurred while \output is active []


Overfull \vbox (164.73172pt too high) has occurred while \output is active []


Overfull \vbox (164.73172pt too high) has occurred while \output is active []


Overfull \vbox (163.73172pt too high) has occurred while \output is active []


Overfull \vbox (163.73172pt too high) has occurred while \output is active []


Overfull \vbox (162.73172pt too high) has occurred while \output is active []


Overfull \vbox (162.73172pt too high) has occurred while \output is active []


Overfull \vbox (161.73172pt too high) has occurred while \output is active []


Overfull \vbox (161.73172pt too high) has occurred while \output is active []


Overfull \vbox (160.73172pt too high) has occurred while \output is active []


Overfull \vbox (160.73172pt too high) has occurred while \output is active []


Overfull \vbox (159.73172pt too high) has occurred while \output is active []


Overfull \vbox (159.73172pt too high) has occurred while \output is active []


Overfull \vbox (158.73172pt too high) has occurred while \output is active []


Overfull \vbox (158.73172pt too high) has occurred while \output is active []


Overfull \vbox (157.73172pt too high) has occurred while \output is active []


Overfull \vbox (157.73172pt too high) has occurred while \output is active []


Overfull \vbox (156.73172pt too high) has occurred while \output is active []


Overfull \vbox (156.73172pt too high) has occurred while \output is active []


Overfull \vbox (155.73172pt too high) has occurred while \output is active []


Overfull \vbox (155.73172pt too high) has occurred while \output is active []


Overfull \vbox (154.73172pt too high) has occurred while \output is active []


Overfull \vbox (154.73172pt too high) has occurred while \output is active []


Overfull \vbox (153.73172pt too high) has occurred while \output is active []


Overfull \vbox (153.73172pt too high) has occurred while \output is active []


Overfull \vbox (152.73172pt too high) has occurred while \output is active []


Overfull \vbox (152.73172pt too high) has occurred while \output is active []


Overfull \vbox (151.73172pt too high) has occurred while \output is active []


Overfull \vbox (151.73172pt too high) has occurred while \output is active []


Overfull \vbox (150.73172pt too high) has occurred while \output is active []


Overfull \vbox (150.73172pt too high) has occurred while \output is active []


Overfull \vbox (149.73172pt too high) has occurred while \output is active []


Overfull \vbox (149.73172pt too high) has occurred while \output is active []


Overfull \vbox (148.73172pt too high) has occurred while \output is active []


Overfull \vbox (148.73172pt too high) has occurred while \output is active []


Overfull \vbox (147.73172pt too high) has occurred while \output is active []


Overfull \vbox (147.73172pt too high) has occurred while \output is active []


Overfull \vbox (146.73172pt too high) has occurred while \output is active []


Overfull \vbox (146.73172pt too high) has occurred while \output is active []


Overfull \vbox (145.73172pt too high) has occurred while \output is active []


Overfull \vbox (145.73172pt too high) has occurred while \output is active []


Overfull \vbox (144.73172pt too high) has occurred while \output is active []


Overfull \vbox (144.73172pt too high) has occurred while \output is active []


Overfull \vbox (143.73172pt too high) has occurred while \output is active []


Overfull \vbox (143.73172pt too high) has occurred while \output is active []


Overfull \vbox (142.73172pt too high) has occurred while \output is active []


Overfull \vbox (142.73172pt too high) has occurred while \output is active []


Overfull \vbox (141.73172pt too high) has occurred while \output is active []


Overfull \vbox (141.73172pt too high) has occurred while \output is active []


Overfull \vbox (140.73172pt too high) has occurred while \output is active []


Overfull \vbox (140.73172pt too high) has occurred while \output is active []


Overfull \vbox (139.73172pt too high) has occurred while \output is active []


Overfull \vbox (139.73172pt too high) has occurred while \output is active []


Overfull \vbox (138.73172pt too high) has occurred while \output is active []


Overfull \vbox (138.73172pt too high) has occurred while \output is active []


Overfull \vbox (137.73172pt too high) has occurred while \output is active []


Overfull \vbox (137.73172pt too high) has occurred while \output is active []


Overfull \vbox (136.73172pt too high) has occurred while \output is active []


Overfull \vbox (136.73172pt too high) has occurred while \output is active []


Overfull \vbox (135.73172pt too high) has occurred while \output is active []


Overfull \vbox (135.73172pt too high) has occurred while \output is active []


Overfull \vbox (134.73172pt too high) has occurred while \output is active []


Overfull \vbox (134.73172pt too high) has occurred while \output is active []


Overfull \vbox (133.73172pt too high) has occurred while \output is active []


Overfull \vbox (133.73172pt too high) has occurred while \output is active []


Overfull \vbox (132.73172pt too high) has occurred while \output is active []


Overfull \vbox (132.73172pt too high) has occurred while \output is active []


Overfull \vbox (131.73172pt too high) has occurred while \output is active []


Overfull \vbox (131.73172pt too high) has occurred while \output is active []


Overfull \vbox (130.73172pt too high) has occurred while \output is active []


Overfull \vbox (130.73172pt too high) has occurred while \output is active []


Overfull \vbox (129.73172pt too high) has occurred while \output is active []


Overfull \vbox (129.73172pt too high) has occurred while \output is active []


Overfull \vbox (128.73172pt too high) has occurred while \output is active []


Overfull \vbox (128.73172pt too high) has occurred while \output is active []


Overfull \vbox (127.73172pt too high) has occurred while \output is active []


Overfull \vbox (127.73172pt too high) has occurred while \output is active []


Overfull \vbox (126.73172pt too high) has occurred while \output is active []


Overfull \vbox (126.73172pt too high) has occurred while \output is active []


Overfull \vbox (125.73172pt too high) has occurred while \output is active []


Overfull \vbox (125.73172pt too high) has occurred while \output is active []


Overfull \vbox (124.73172pt too high) has occurred while \output is active []


Overfull \vbox (124.73172pt too high) has occurred while \output is active []


Overfull \vbox (123.73172pt too high) has occurred while \output is active []


Overfull \vbox (123.73172pt too high) has occurred while \output is active []


Overfull \vbox (122.73172pt too high) has occurred while \output is active []


Overfull \vbox (122.73172pt too high) has occurred while \output is active []


Overfull \vbox (121.73172pt too high) has occurred while \output is active []


Overfull \vbox (121.73172pt too high) has occurred while \output is active []


Overfull \vbox (120.73172pt too high) has occurred while \output is active []


Overfull \vbox (120.73172pt too high) has occurred while \output is active []


[2


Non-PDF special ignored!{/usr/local/texlive/2014/texmf-var/fonts/map/pdftex/upd
map/pdftex.map} <./figures/logo.png>] (./conference_poster_5.aux) ) 
Here is how much of TeX's memory you used:
 11104 strings out of 493117
 207956 string characters out of 6135433
 257017 words of memory out of 5000000
 14349 multiletter control sequences out of 15000+600000
 15707 words of font info for 32 fonts, out of 8000000 for 9000
 1141 hyphenation exceptions out of 8191
 48i,6n,42p,440b,212s stack positions out of 5000i,500n,10000p,200000b,80000s
{/usr/local/
texlive/2014/texmf-dist/fonts/enc/dvips/base/8r.enc}</usr/local/texlive/2014/te
xmf-dist/fonts/type1/urw/courier/ucrr8a.pfb></usr/local/texlive/2014/texmf-dist
/fonts/type1/urw/times/utmb8a.pfb></usr/local/texlive/2014/texmf-dist/fonts/typ
e1/urw/times/utmr8a.pfb></usr/local/texlive/2014/texmf-dist/fonts/type1/urw/tim
es/utmri8a.pfb>
Output written on conference_poster_5.pdf (1 page, 127037 bytes).
PDF statistics:
 31 PDF objects out of 1000 (max. 8388607)
 21 compressed objects within 1 object stream
 0 named destinations out of 1000 (max. 500000)
 18 words of extra memory for PDF output out of 10000 (max. 10000000)

